<?xml version="1.0" encoding="UTF-8"?>
<Site BuildName="(empty)"
	BuildStamp="20240616-1933-Experimental"
	Name="srini-ThinkPad-E470"
	Generator="ctest-3.22.1"
	CompilerName="/usr/bin/c++"
	CompilerVersion="11.4.0"
	OSName="Linux"
	Hostname="srini-ThinkPad-E470"
	OSRelease="6.5.0-35-generic"
	OSVersion="#35~22.04.1-Ubuntu SMP PREEMPT_DYNAMIC Tue May  7 09:00:52 UTC 2"
	OSPlatform="x86_64"
	Is64Bits="1"
	VendorString="GenuineIntel"
	VendorID="Intel Corporation"
	FamilyID="6"
	ModelID="142"
	ProcessorCacheSize="4096"
	NumberOfLogicalCPU="4"
	NumberOfPhysicalCPU="2"
	TotalVirtualMemory="2047"
	TotalPhysicalMemory="15887"
	LogicalProcessorsPerPhysical="2"
	ProcessorClockFrequency="2900"
	>
	<Testing>
		<StartDateTime>Jun 16 20:33 BST</StartDateTime>
		<StartTestTime>1718566406</StartTestTime>
		<TestList/>
		<EndDateTime>Jun 16 20:33 BST</EndDateTime>
		<EndTestTime>1718566406</EndTestTime>
		<ElapsedMinutes>0</ElapsedMinutes>
	</Testing>
</Site>
